<?xml version="1.0" encoding="UTF-8"?>
<testng-results skipped="0" failed="1" total="7" passed="6">
  <reporter-output>
    <line>
      <![CDATA[logging in ... 
]]>
    </line>
    <line>
      <![CDATA[User Name is now entered! 
]]>
    </line>
    <line>
      <![CDATA[Password is now entered!! 
]]>
    </line>
    <line>
      <![CDATA['Log in' button is now clicked!!! 
]]>
    </line>
    <line>
      <![CDATA[checking for alerts ...]]>
    </line>
    <line>
      <![CDATA[no alerts were found! Log In was successful. 
]]>
    </line>
    <line>
      <![CDATA[generating a random name .... 
]]>
    </line>
    <line>
      <![CDATA[navigated to 'Lists' page 
]]>
    </line>
    <line>
      <![CDATA[navigated to 'Lists' page 
]]>
    </line>
    <line>
      <![CDATA[navigated to 'Lists' page 
]]>
    </line>
    <line>
      <![CDATA[generating a random name .... 
]]>
    </line>
    <line>
      <![CDATA[An Email has been sent 
]]>
    </line>
  </reporter-output>
  <suite name="Default suite" duration-ms="228155" started-at="2016-04-21T02:29:22Z" finished-at="2016-04-21T02:33:10Z">
    <groups>
    </groups>
    <test name="Default test" duration-ms="228155" started-at="2016-04-21T02:29:22Z" finished-at="2016-04-21T02:33:10Z">
      <class name="pardotProject.pardotTestSuite">
        <test-method status="PASS" signature="beforeClass()[pri:0, instance:pardotProject.pardotTestSuite@2133c8f8]" name="beforeClass" is-config="true" duration-ms="20305" started-at="2016-04-20T19:29:22Z" finished-at="2016-04-20T19:29:42Z">
          <reporter-output>
          </reporter-output>
        </test-method> <!-- beforeClass -->
        <test-method status="PASS" signature="logIn()[pri:0, instance:pardotProject.pardotTestSuite@2133c8f8]" name="logIn" duration-ms="11599" started-at="2016-04-20T19:29:42Z" finished-at="2016-04-20T19:29:54Z">
          <reporter-output>
            <line>
              <![CDATA[logging in ... 
]]>
            </line>
            <line>
              <![CDATA[User Name is now entered! 
]]>
            </line>
            <line>
              <![CDATA[Password is now entered!! 
]]>
            </line>
            <line>
              <![CDATA['Log in' button is now clicked!!! 
]]>
            </line>
            <line>
              <![CDATA[checking for alerts ...]]>
            </line>
            <line>
              <![CDATA[no alerts were found! Log In was successful. 
]]>
            </line>
          </reporter-output>
        </test-method> <!-- logIn -->
        <test-method status="PASS" signature="createFirstList()[pri:0, instance:pardotProject.pardotTestSuite@2133c8f8]" name="createFirstList" duration-ms="40422" started-at="2016-04-20T19:29:54Z" depends-on-methods="pardotProject.pardotTestSuite.logIn" finished-at="2016-04-20T19:30:34Z">
          <reporter-output>
            <line>
              <![CDATA[generating a random name .... 
]]>
            </line>
            <line>
              <![CDATA[navigated to 'Lists' page 
]]>
            </line>
          </reporter-output>
        </test-method> <!-- createFirstList -->
        <test-method status="PASS" signature="attempToCreateAnotherList()[pri:0, instance:pardotProject.pardotTestSuite@2133c8f8]" name="attempToCreateAnotherList" duration-ms="50369" started-at="2016-04-20T19:30:34Z" depends-on-methods="pardotProject.pardotTestSuite.createFirstList" finished-at="2016-04-20T19:31:25Z">
          <reporter-output>
            <line>
              <![CDATA[navigated to 'Lists' page 
]]>
            </line>
          </reporter-output>
        </test-method> <!-- attempToCreateAnotherList -->
        <test-method status="PASS" signature="renameTheOriginalList()[pri:0, instance:pardotProject.pardotTestSuite@2133c8f8]" name="renameTheOriginalList" duration-ms="27846" started-at="2016-04-20T19:31:25Z" depends-on-methods="pardotProject.pardotTestSuite.attempToCreateAnotherList" finished-at="2016-04-20T19:31:52Z">
          <reporter-output>
            <line>
              <![CDATA[navigated to 'Lists' page 
]]>
            </line>
          </reporter-output>
        </test-method> <!-- renameTheOriginalList -->
        <test-method status="FAIL" signature="createNewProspet()[pri:0, instance:pardotProject.pardotTestSuite@2133c8f8]" name="createNewProspet" duration-ms="37851" started-at="2016-04-20T19:31:52Z" depends-on-methods="pardotProject.pardotTestSuite.renameTheOriginalList" finished-at="2016-04-20T19:32:30Z">
          <exception class="org.openqa.selenium.TimeoutException">
            <message>
              <![CDATA[Timed out after 30 seconds waiting for visibility of element located by By.xpath: //a[text()='Add prospect']
Build info: version: '2.52.0', revision: '4c2593c', time: '2016-02-11 19:03:33'
System info: host: 'Rezi', ip: '192.168.0.3', os.name: 'Windows 10', os.arch: 'amd64', os.version: '10.0', java.version: '1.8.0_66'
Driver info: org.openqa.selenium.firefox.FirefoxDriver
Capabilities [{applicationCacheEnabled=true, rotatable=false, handlesAlerts=true, databaseEnabled=true, version=45.0.2, platform=WINDOWS, nativeEvents=false, acceptSslCerts=true, webStorageEnabled=true, locationContextEnabled=true, browserName=firefox, takesScreenshot=true, javascriptEnabled=true, cssSelectorsEnabled=true}]
Session ID: 1228092f-69f7-4210-826f-477407e2d157]]>
            </message>
            <full-stacktrace>
              <![CDATA[org.openqa.selenium.TimeoutException: Timed out after 30 seconds waiting for visibility of element located by By.xpath: //a[text()='Add prospect']
Build info: version: '2.52.0', revision: '4c2593c', time: '2016-02-11 19:03:33'
System info: host: 'Rezi', ip: '192.168.0.3', os.name: 'Windows 10', os.arch: 'amd64', os.version: '10.0', java.version: '1.8.0_66'
Driver info: org.openqa.selenium.firefox.FirefoxDriver
Capabilities [{applicationCacheEnabled=true, rotatable=false, handlesAlerts=true, databaseEnabled=true, version=45.0.2, platform=WINDOWS, nativeEvents=false, acceptSslCerts=true, webStorageEnabled=true, locationContextEnabled=true, browserName=firefox, takesScreenshot=true, javascriptEnabled=true, cssSelectorsEnabled=true}]
Session ID: 1228092f-69f7-4210-826f-477407e2d157
	at org.openqa.selenium.support.ui.WebDriverWait.timeoutException(WebDriverWait.java:80)
	at org.openqa.selenium.support.ui.FluentWait.until(FluentWait.java:261)
	at pardotProject.mainPage.createNewProspect(mainPage.java:157)
	at pardotProject.pardotTestSuite.createNewProspet(pardotTestSuite.java:91)
	at sun.reflect.NativeMethodAccessorImpl.invoke0(Native Method)
	at sun.reflect.NativeMethodAccessorImpl.invoke(Unknown Source)
	at sun.reflect.DelegatingMethodAccessorImpl.invoke(Unknown Source)
	at java.lang.reflect.Method.invoke(Unknown Source)
	at org.testng.internal.MethodInvocationHelper.invokeMethod(MethodInvocationHelper.java:85)
	at org.testng.internal.Invoker.invokeMethod(Invoker.java:639)
	at org.testng.internal.Invoker.invokeTestMethod(Invoker.java:816)
	at org.testng.internal.Invoker.invokeTestMethods(Invoker.java:1124)
	at org.testng.internal.TestMethodWorker.invokeTestMethods(TestMethodWorker.java:125)
	at org.testng.internal.TestMethodWorker.run(TestMethodWorker.java:108)
	at org.testng.TestRunner.privateRun(TestRunner.java:774)
	at org.testng.TestRunner.run(TestRunner.java:624)
	at org.testng.SuiteRunner.runTest(SuiteRunner.java:359)
	at org.testng.SuiteRunner.runSequentially(SuiteRunner.java:354)
	at org.testng.SuiteRunner.privateRun(SuiteRunner.java:312)
	at org.testng.SuiteRunner.run(SuiteRunner.java:261)
	at org.testng.SuiteRunnerWorker.runSuite(SuiteRunnerWorker.java:52)
	at org.testng.SuiteRunnerWorker.run(SuiteRunnerWorker.java:86)
	at org.testng.TestNG.runSuitesSequentially(TestNG.java:1215)
	at org.testng.TestNG.runSuitesLocally(TestNG.java:1140)
	at org.testng.TestNG.run(TestNG.java:1048)
	at org.testng.remote.RemoteTestNG.run(RemoteTestNG.java:112)
	at org.testng.remote.RemoteTestNG.initAndRun(RemoteTestNG.java:205)
	at org.testng.remote.RemoteTestNG.main(RemoteTestNG.java:176)
Caused by: org.openqa.selenium.NoSuchElementException: Unable to locate element: {"method":"xpath","selector":"//a[text()='Add prospect']"}
Command duration or timeout: 1.16 seconds
For documentation on this error, please visit: http://seleniumhq.org/exceptions/no_such_element.html
Build info: version: '2.52.0', revision: '4c2593c', time: '2016-02-11 19:03:33'
System info: host: 'Rezi', ip: '192.168.0.3', os.name: 'Windows 10', os.arch: 'amd64', os.version: '10.0', java.version: '1.8.0_66'
Driver info: org.openqa.selenium.firefox.FirefoxDriver
Capabilities [{applicationCacheEnabled=true, rotatable=false, handlesAlerts=true, databaseEnabled=true, version=45.0.2, platform=WINDOWS, nativeEvents=false, acceptSslCerts=true, webStorageEnabled=true, locationContextEnabled=true, browserName=firefox, takesScreenshot=true, javascriptEnabled=true, cssSelectorsEnabled=true}]
Session ID: 1228092f-69f7-4210-826f-477407e2d157
*** Element info: {Using=xpath, value=//a[text()='Add prospect']}
	at sun.reflect.NativeConstructorAccessorImpl.newInstance0(Native Method)
	at sun.reflect.NativeConstructorAccessorImpl.newInstance(Unknown Source)
	at sun.reflect.DelegatingConstructorAccessorImpl.newInstance(Unknown Source)
	at java.lang.reflect.Constructor.newInstance(Unknown Source)
	at org.openqa.selenium.remote.ErrorHandler.createThrowable(ErrorHandler.java:206)
	at org.openqa.selenium.remote.ErrorHandler.throwIfResponseFailed(ErrorHandler.java:158)
	at org.openqa.selenium.remote.RemoteWebDriver.execute(RemoteWebDriver.java:678)
	at org.openqa.selenium.remote.RemoteWebDriver.findElement(RemoteWebDriver.java:363)
	at org.openqa.selenium.remote.RemoteWebDriver.findElementByXPath(RemoteWebDriver.java:500)
	at org.openqa.selenium.By$ByXPath.findElement(By.java:361)
	at org.openqa.selenium.remote.RemoteWebDriver.findElement(RemoteWebDriver.java:355)
	at org.openqa.selenium.support.ui.ExpectedConditions.findElement(ExpectedConditions.java:911)
	at org.openqa.selenium.support.ui.ExpectedConditions.access$0(ExpectedConditions.java:909)
	at org.openqa.selenium.support.ui.ExpectedConditions$7.apply(ExpectedConditions.java:205)
	at org.openqa.selenium.support.ui.ExpectedConditions$7.apply(ExpectedConditions.java:1)
	at org.openqa.selenium.support.ui.FluentWait.until(FluentWait.java:238)
	... 26 more
Caused by: org.openqa.selenium.NoSuchElementException: Unable to locate element: {"method":"xpath","selector":"//a[text()='Add prospect']"}
For documentation on this error, please visit: http://seleniumhq.org/exceptions/no_such_element.html
Build info: version: '2.52.0', revision: '4c2593c', time: '2016-02-11 19:03:33'
System info: host: 'Rezi', ip: '192.168.0.3', os.name: 'Windows 10', os.arch: 'amd64', os.version: '10.0', java.version: '1.8.0_66'
Driver info: driver.version: unknown
	at <anonymous class>.FirefoxDriver.prototype.findElementInternal_(file:///C:/Users/reza/AppData/Local/Temp/anonymous824492187811625674webdriver-profile/extensions/fxdriver@googlecode.com/components/driver-component.js:10723)
	at <anonymous class>.fxdriver.Timer.prototype.setTimeout/<.notify(file:///C:/Users/reza/AppData/Local/Temp/anonymous824492187811625674webdriver-profile/extensions/fxdriver@googlecode.com/components/driver-component.js:623)
]]>
            </full-stacktrace>
          </exception> <!-- org.openqa.selenium.TimeoutException -->
          <reporter-output>
          </reporter-output>
        </test-method> <!-- createNewProspet -->
        <test-method status="PASS" signature="sendEmail()[pri:0, instance:pardotProject.pardotTestSuite@2133c8f8]" name="sendEmail" duration-ms="36368" started-at="2016-04-20T19:32:30Z" depends-on-methods="pardotProject.pardotTestSuite.renameTheOriginalList" finished-at="2016-04-20T19:33:07Z">
          <reporter-output>
            <line>
              <![CDATA[generating a random name .... 
]]>
            </line>
            <line>
              <![CDATA[An Email has been sent 
]]>
            </line>
          </reporter-output>
        </test-method> <!-- sendEmail -->
        <test-method status="PASS" signature="logOut()[pri:0, instance:pardotProject.pardotTestSuite@2133c8f8]" name="logOut" duration-ms="3342" started-at="2016-04-20T19:33:07Z" depends-on-methods="pardotProject.pardotTestSuite.sendEmail" finished-at="2016-04-20T19:33:10Z">
          <reporter-output>
          </reporter-output>
        </test-method> <!-- logOut -->
      </class> <!-- pardotProject.pardotTestSuite -->
    </test> <!-- Default test -->
  </suite> <!-- Default suite -->
</testng-results>
